G04 EAGLE Gerber RS-274X export*
G75*
%MOMM*%
%FSLAX34Y34*%
%LPD*%
%INOutline*%
%IPPOS*%
%AMOC8*
5,1,8,0,0,1.08239X$1,22.5*%
G01*
%ADD10C,0.000000*%


D10*
X-90000Y-178634D02*
X-90000Y-240000D01*
X90000Y-240000D01*
X90000Y-178634D01*
X90000Y-178635D02*
X94356Y-176373D01*
X98656Y-174004D01*
X102896Y-171531D01*
X107074Y-168954D01*
X111187Y-166276D01*
X115234Y-163498D01*
X119211Y-160621D01*
X123116Y-157647D01*
X126948Y-154579D01*
X130703Y-151417D01*
X134379Y-148165D01*
X137974Y-144823D01*
X141486Y-141394D01*
X144913Y-137879D01*
X148252Y-134282D01*
X151503Y-130604D01*
X154662Y-126847D01*
X157728Y-123013D01*
X160699Y-119106D01*
X163573Y-115127D01*
X166349Y-111079D01*
X169024Y-106963D01*
X171598Y-102784D01*
X174069Y-98542D01*
X176434Y-94241D01*
X178693Y-89883D01*
X180845Y-85472D01*
X182888Y-81008D01*
X184821Y-76496D01*
X186642Y-71938D01*
X188351Y-67337D01*
X189947Y-62695D01*
X191428Y-58015D01*
X192794Y-53300D01*
X194044Y-48553D01*
X195177Y-43777D01*
X196192Y-38975D01*
X197089Y-34149D01*
X197868Y-29303D01*
X198527Y-24439D01*
X199067Y-19560D01*
X199487Y-14669D01*
X199787Y-9770D01*
X199967Y-4865D01*
X200026Y44D01*
X199965Y4952D01*
X199783Y9857D01*
X199481Y14756D01*
X199059Y19647D01*
X198517Y24525D01*
X197855Y29389D01*
X197075Y34235D01*
X196175Y39061D01*
X195158Y43862D01*
X194023Y48638D01*
X192771Y53384D01*
X191403Y58098D01*
X189919Y62777D01*
X188322Y67419D01*
X186611Y72019D01*
X184787Y76577D01*
X182853Y81088D01*
X180808Y85550D01*
X178654Y89961D01*
X176393Y94318D01*
X174026Y98618D01*
X171553Y102858D01*
X168978Y107037D01*
X166300Y111151D01*
X163523Y115198D01*
X160647Y119176D01*
X157674Y123082D01*
X154607Y126914D01*
X151446Y130670D01*
X148194Y134346D01*
X144853Y137942D01*
X141424Y141455D01*
X137911Y144883D01*
X134314Y148223D01*
X130637Y151474D01*
X126880Y154634D01*
X123048Y157701D01*
X119141Y160673D01*
X115163Y163548D01*
X111115Y166325D01*
X107000Y169001D01*
X102821Y171576D01*
X98580Y174047D01*
X94280Y176414D01*
X89922Y178674D01*
X85511Y180827D01*
X81048Y182870D01*
X76537Y184804D01*
X71979Y186626D01*
X67378Y188337D01*
X62736Y189933D01*
X58057Y191415D01*
X53342Y192782D01*
X48596Y194033D01*
X43820Y195167D01*
X39018Y196184D01*
X34192Y197082D01*
X29346Y197862D01*
X24482Y198522D01*
X19603Y199063D01*
X14713Y199484D01*
X9813Y199785D01*
X4908Y199966D01*
X0Y200026D01*
X-4908Y199966D01*
X-9813Y199785D01*
X-14713Y199484D01*
X-19603Y199063D01*
X-24482Y198522D01*
X-29346Y197862D01*
X-34192Y197082D01*
X-39018Y196184D01*
X-43820Y195167D01*
X-48596Y194033D01*
X-53342Y192782D01*
X-58057Y191415D01*
X-62736Y189933D01*
X-67378Y188337D01*
X-71979Y186626D01*
X-76537Y184804D01*
X-81048Y182870D01*
X-85511Y180827D01*
X-89922Y178674D01*
X-94280Y176414D01*
X-98580Y174047D01*
X-102821Y171576D01*
X-107000Y169001D01*
X-111115Y166325D01*
X-115163Y163548D01*
X-119141Y160673D01*
X-123048Y157701D01*
X-126880Y154634D01*
X-130637Y151474D01*
X-134314Y148223D01*
X-137911Y144883D01*
X-141424Y141455D01*
X-144853Y137942D01*
X-148194Y134346D01*
X-151446Y130670D01*
X-154607Y126914D01*
X-157674Y123082D01*
X-160647Y119176D01*
X-163523Y115198D01*
X-166300Y111151D01*
X-168978Y107037D01*
X-171553Y102858D01*
X-174026Y98618D01*
X-176393Y94318D01*
X-178654Y89961D01*
X-180808Y85550D01*
X-182853Y81088D01*
X-184787Y76577D01*
X-186611Y72019D01*
X-188322Y67419D01*
X-189919Y62777D01*
X-191403Y58098D01*
X-192771Y53384D01*
X-194023Y48638D01*
X-195158Y43862D01*
X-196175Y39061D01*
X-197075Y34235D01*
X-197855Y29389D01*
X-198517Y24525D01*
X-199059Y19647D01*
X-199481Y14756D01*
X-199783Y9857D01*
X-199965Y4952D01*
X-200026Y44D01*
X-199967Y-4865D01*
X-199787Y-9770D01*
X-199487Y-14669D01*
X-199067Y-19560D01*
X-198527Y-24439D01*
X-197868Y-29303D01*
X-197089Y-34149D01*
X-196192Y-38975D01*
X-195177Y-43777D01*
X-194044Y-48553D01*
X-192794Y-53300D01*
X-191428Y-58015D01*
X-189947Y-62695D01*
X-188351Y-67337D01*
X-186642Y-71938D01*
X-184821Y-76496D01*
X-182888Y-81008D01*
X-180845Y-85472D01*
X-178693Y-89883D01*
X-176434Y-94241D01*
X-174069Y-98542D01*
X-171598Y-102784D01*
X-169024Y-106963D01*
X-166349Y-111079D01*
X-163573Y-115127D01*
X-160699Y-119106D01*
X-157728Y-123013D01*
X-154662Y-126847D01*
X-151503Y-130604D01*
X-148252Y-134282D01*
X-144913Y-137879D01*
X-141486Y-141394D01*
X-137974Y-144823D01*
X-134379Y-148165D01*
X-130703Y-151417D01*
X-126948Y-154579D01*
X-123116Y-157647D01*
X-119211Y-160621D01*
X-115234Y-163498D01*
X-111187Y-166276D01*
X-107074Y-168954D01*
X-102896Y-171531D01*
X-98656Y-174004D01*
X-94356Y-176373D01*
X-90000Y-178635D01*
X-30000Y0D02*
X-29991Y736D01*
X-29964Y1472D01*
X-29919Y2207D01*
X-29856Y2941D01*
X-29774Y3672D01*
X-29675Y4402D01*
X-29558Y5129D01*
X-29424Y5853D01*
X-29271Y6573D01*
X-29101Y7289D01*
X-28913Y8001D01*
X-28708Y8709D01*
X-28486Y9410D01*
X-28246Y10107D01*
X-27990Y10797D01*
X-27716Y11481D01*
X-27426Y12157D01*
X-27120Y12827D01*
X-26797Y13488D01*
X-26458Y14142D01*
X-26103Y14787D01*
X-25732Y15423D01*
X-25346Y16050D01*
X-24944Y16667D01*
X-24528Y17274D01*
X-24096Y17871D01*
X-23650Y18457D01*
X-23190Y19032D01*
X-22716Y19595D01*
X-22229Y20147D01*
X-21727Y20686D01*
X-21213Y21213D01*
X-20686Y21727D01*
X-20147Y22229D01*
X-19595Y22716D01*
X-19032Y23190D01*
X-18457Y23650D01*
X-17871Y24096D01*
X-17274Y24528D01*
X-16667Y24944D01*
X-16050Y25346D01*
X-15423Y25732D01*
X-14787Y26103D01*
X-14142Y26458D01*
X-13488Y26797D01*
X-12827Y27120D01*
X-12157Y27426D01*
X-11481Y27716D01*
X-10797Y27990D01*
X-10107Y28246D01*
X-9410Y28486D01*
X-8709Y28708D01*
X-8001Y28913D01*
X-7289Y29101D01*
X-6573Y29271D01*
X-5853Y29424D01*
X-5129Y29558D01*
X-4402Y29675D01*
X-3672Y29774D01*
X-2941Y29856D01*
X-2207Y29919D01*
X-1472Y29964D01*
X-736Y29991D01*
X0Y30000D01*
X736Y29991D01*
X1472Y29964D01*
X2207Y29919D01*
X2941Y29856D01*
X3672Y29774D01*
X4402Y29675D01*
X5129Y29558D01*
X5853Y29424D01*
X6573Y29271D01*
X7289Y29101D01*
X8001Y28913D01*
X8709Y28708D01*
X9410Y28486D01*
X10107Y28246D01*
X10797Y27990D01*
X11481Y27716D01*
X12157Y27426D01*
X12827Y27120D01*
X13488Y26797D01*
X14142Y26458D01*
X14787Y26103D01*
X15423Y25732D01*
X16050Y25346D01*
X16667Y24944D01*
X17274Y24528D01*
X17871Y24096D01*
X18457Y23650D01*
X19032Y23190D01*
X19595Y22716D01*
X20147Y22229D01*
X20686Y21727D01*
X21213Y21213D01*
X21727Y20686D01*
X22229Y20147D01*
X22716Y19595D01*
X23190Y19032D01*
X23650Y18457D01*
X24096Y17871D01*
X24528Y17274D01*
X24944Y16667D01*
X25346Y16050D01*
X25732Y15423D01*
X26103Y14787D01*
X26458Y14142D01*
X26797Y13488D01*
X27120Y12827D01*
X27426Y12157D01*
X27716Y11481D01*
X27990Y10797D01*
X28246Y10107D01*
X28486Y9410D01*
X28708Y8709D01*
X28913Y8001D01*
X29101Y7289D01*
X29271Y6573D01*
X29424Y5853D01*
X29558Y5129D01*
X29675Y4402D01*
X29774Y3672D01*
X29856Y2941D01*
X29919Y2207D01*
X29964Y1472D01*
X29991Y736D01*
X30000Y0D01*
X29991Y-736D01*
X29964Y-1472D01*
X29919Y-2207D01*
X29856Y-2941D01*
X29774Y-3672D01*
X29675Y-4402D01*
X29558Y-5129D01*
X29424Y-5853D01*
X29271Y-6573D01*
X29101Y-7289D01*
X28913Y-8001D01*
X28708Y-8709D01*
X28486Y-9410D01*
X28246Y-10107D01*
X27990Y-10797D01*
X27716Y-11481D01*
X27426Y-12157D01*
X27120Y-12827D01*
X26797Y-13488D01*
X26458Y-14142D01*
X26103Y-14787D01*
X25732Y-15423D01*
X25346Y-16050D01*
X24944Y-16667D01*
X24528Y-17274D01*
X24096Y-17871D01*
X23650Y-18457D01*
X23190Y-19032D01*
X22716Y-19595D01*
X22229Y-20147D01*
X21727Y-20686D01*
X21213Y-21213D01*
X20686Y-21727D01*
X20147Y-22229D01*
X19595Y-22716D01*
X19032Y-23190D01*
X18457Y-23650D01*
X17871Y-24096D01*
X17274Y-24528D01*
X16667Y-24944D01*
X16050Y-25346D01*
X15423Y-25732D01*
X14787Y-26103D01*
X14142Y-26458D01*
X13488Y-26797D01*
X12827Y-27120D01*
X12157Y-27426D01*
X11481Y-27716D01*
X10797Y-27990D01*
X10107Y-28246D01*
X9410Y-28486D01*
X8709Y-28708D01*
X8001Y-28913D01*
X7289Y-29101D01*
X6573Y-29271D01*
X5853Y-29424D01*
X5129Y-29558D01*
X4402Y-29675D01*
X3672Y-29774D01*
X2941Y-29856D01*
X2207Y-29919D01*
X1472Y-29964D01*
X736Y-29991D01*
X0Y-30000D01*
X-736Y-29991D01*
X-1472Y-29964D01*
X-2207Y-29919D01*
X-2941Y-29856D01*
X-3672Y-29774D01*
X-4402Y-29675D01*
X-5129Y-29558D01*
X-5853Y-29424D01*
X-6573Y-29271D01*
X-7289Y-29101D01*
X-8001Y-28913D01*
X-8709Y-28708D01*
X-9410Y-28486D01*
X-10107Y-28246D01*
X-10797Y-27990D01*
X-11481Y-27716D01*
X-12157Y-27426D01*
X-12827Y-27120D01*
X-13488Y-26797D01*
X-14142Y-26458D01*
X-14787Y-26103D01*
X-15423Y-25732D01*
X-16050Y-25346D01*
X-16667Y-24944D01*
X-17274Y-24528D01*
X-17871Y-24096D01*
X-18457Y-23650D01*
X-19032Y-23190D01*
X-19595Y-22716D01*
X-20147Y-22229D01*
X-20686Y-21727D01*
X-21213Y-21213D01*
X-21727Y-20686D01*
X-22229Y-20147D01*
X-22716Y-19595D01*
X-23190Y-19032D01*
X-23650Y-18457D01*
X-24096Y-17871D01*
X-24528Y-17274D01*
X-24944Y-16667D01*
X-25346Y-16050D01*
X-25732Y-15423D01*
X-26103Y-14787D01*
X-26458Y-14142D01*
X-26797Y-13488D01*
X-27120Y-12827D01*
X-27426Y-12157D01*
X-27716Y-11481D01*
X-27990Y-10797D01*
X-28246Y-10107D01*
X-28486Y-9410D01*
X-28708Y-8709D01*
X-28913Y-8001D01*
X-29101Y-7289D01*
X-29271Y-6573D01*
X-29424Y-5853D01*
X-29558Y-5129D01*
X-29675Y-4402D01*
X-29774Y-3672D01*
X-29856Y-2941D01*
X-29919Y-2207D01*
X-29964Y-1472D01*
X-29991Y-736D01*
X-30000Y0D01*
M02*
